Using pre-set license
Built from '2020.3/release' branch; Version is '2020.3.1f1 (77a89f25062f) revision 7841951'; Using compiler version '192528614'; Build Type 'Release'
OS: 'Windows 10 Pro; OS build 19041.985; Version 2004; 64bit' Language: 'es' Physical Memory: 5845 MB
BatchMode: 1, IsHumanControllingUs: 0, StartBugReporterOnCrash: 0, Is64bit: 1, IsPro: 0

 COMMAND LINE ARGUMENTS:
D:\Unity\Editor\2020.3.1f1\Editor\Unity.exe
-adb2
-batchMode
-noUpm
-name
AssetImportWorker0
-projectPath
D:/JuegoSeminario/QuizGameProject
-logFile
Logs/AssetImportWorker0.log
-srvPort
57846
Successfully changed project path to: D:/JuegoSeminario/QuizGameProject
D:/JuegoSeminario/QuizGameProject
Using Asset Import Pipeline V2.
Refreshing native plugins compatible for Editor in 205.75 ms, found 0 plugins.
Preloading 0 native plugins for Editor in 0.00 ms.
Initialize engine version: 2020.3.1f1 (77a89f25062f)
[Subsystems] Discovering subsystems at path D:/Unity/Editor/2020.3.1f1/Editor/Data/Resources/UnitySubsystems
[Subsystems] Discovering subsystems at path D:/JuegoSeminario/QuizGameProject/Assets
GfxDevice: creating device client; threaded=0
Direct3D:
    Version:  Direct3D 11.0 [level 11.0]
    Renderer: Intel(R) HD Graphics 4000 (ID=0x166)
    Vendor:   
    VRAM:     128 MB
    Driver:   10.18.10.4252
Initialize mono
Mono path[0] = 'D:/Unity/Editor/2020.3.1f1/Editor/Data/Managed'
Mono path[1] = 'D:/Unity/Editor/2020.3.1f1/Editor/Data/MonoBleedingEdge/lib/mono/unityjit'
Mono config path = 'D:/Unity/Editor/2020.3.1f1/Editor/Data/MonoBleedingEdge/etc'
Using monoOptions --debugger-agent=transport=dt_socket,embedding=1,server=y,suspend=n,address=127.0.0.1:56824
Begin MonoManager ReloadAssembly
Registering precompiled unity dll's ...
Register platform support module: D:/Unity/Editor/2020.3.1f1/Editor/Data/PlaybackEngines/WebGLSupport/UnityEditor.WebGL.Extensions.dll
Register platform support module: D:/Unity/Editor/2020.3.1f1/Editor/Data/PlaybackEngines/MacStandaloneSupport/UnityEditor.OSXStandalone.Extensions.dll
Register platform support module: D:/Unity/Editor/2020.3.1f1/Editor/Data/PlaybackEngines/WindowsStandaloneSupport/UnityEditor.WindowsStandalone.Extensions.dll
Registered in 0.007731 seconds.
Native extension for WindowsStandalone target not found
Native extension for OSXStandalone target not found
Native extension for WebGL target not found
Refreshing native plugins compatible for Editor in 124.31 ms, found 0 plugins.
Preloading 0 native plugins for Editor in 0.00 ms.
Invoked RoslynAnalysisRunner static constructor.
RoslynAnalysisRunner will not be running.
RoslynAnalysisRunner has terminated.
Mono: successfully reloaded assembly
- Completed reload, in  7.480 seconds
Platform modules already initialized, skipping
Registering precompiled user dll's ...
Registered in 0.005316 seconds.
Begin MonoManager ReloadAssembly
Native extension for WindowsStandalone target not found
Native extension for OSXStandalone target not found
Native extension for WebGL target not found
Refreshing native plugins compatible for Editor in 1.67 ms, found 0 plugins.
Preloading 0 native plugins for Editor in 0.00 ms.
Invoked RoslynAnalysisRunner static constructor.
RoslynAnalysisRunner will not be running.
RoslynAnalysisRunner has terminated.
Mono: successfully reloaded assembly
- Completed reload, in  4.417 seconds
Platform modules already initialized, skipping
========================================================================
Worker process is ready to serve import requests
Launched and connected shader compiler UnityShaderCompiler.exe after 0.23 seconds
Refreshing native plugins compatible for Editor in 1.08 ms, found 0 plugins.
Preloading 0 native plugins for Editor in 0.00 ms.
Unloading 1432 Unused Serialized files (Serialized files now loaded: 0)
System memory in use before: 66.7 MB.
System memory in use after: 66.7 MB.

Unloading 33 unused Assets to reduce memory usage. Loaded Objects now: 1863.
Total: 4.781000 ms (FindLiveObjects: 0.348300 ms CreateObjectMapping: 0.106300 ms MarkObjects: 4.154000 ms  DeleteObjects: 0.169300 ms)

========================================================================
Received Import Request.
  path: Assets/Resources/Questions/KM.asset
  artifactKey: Guid(03c239e31a1717845bcda00c39238a56) Importer(815301076,1909f56bfc062723c751e8b465ee728b)
Start importing Assets/Resources/Questions/KM.asset using Guid(03c239e31a1717845bcda00c39238a56) Importer(815301076,1909f56bfc062723c751e8b465ee728b)  -> (artifact id: '8a55d689e0617583acb8b9a11a05d7c0') in 0.216344 seconds
  Import took 0.225600 seconds .

========================================================================
Received Import Request.
  Time since last request: 0.000816 seconds.
  path: Assets/Resources/Questions/Math.asset
  artifactKey: Guid(000f95d6a0964154b903d87d3683dc4a) Importer(815301076,1909f56bfc062723c751e8b465ee728b)
Start importing Assets/Resources/Questions/Math.asset using Guid(000f95d6a0964154b903d87d3683dc4a) Importer(815301076,1909f56bfc062723c751e8b465ee728b)  -> (artifact id: '6ca2515e28d576fabf24a78772b46847') in 0.006290 seconds
  Import took 0.014010 seconds .

========================================================================
Received Import Request.
  Time since last request: 0.000546 seconds.
  path: Assets/Resources/Questions/MORE MATH.asset
  artifactKey: Guid(d0ff7eb693974174d8f8725b08eef08f) Importer(815301076,1909f56bfc062723c751e8b465ee728b)
Start importing Assets/Resources/Questions/MORE MATH.asset using Guid(d0ff7eb693974174d8f8725b08eef08f) Importer(815301076,1909f56bfc062723c751e8b465ee728b)  -> (artifact id: '1a21a6a6dc37bd83d3547d3e05c1480b') in 0.006899 seconds
  Import took 0.015675 seconds .

========================================================================
Received Import Request.
  Time since last request: 0.001523 seconds.
  path: Assets/Resources/Questions/SunTemperature.asset
  artifactKey: Guid(9e6c7b99e047b4f47a2adf115628837e) Importer(815301076,1909f56bfc062723c751e8b465ee728b)
Start importing Assets/Resources/Questions/SunTemperature.asset using Guid(9e6c7b99e047b4f47a2adf115628837e) Importer(815301076,1909f56bfc062723c751e8b465ee728b)  -> (artifact id: 'df854d674cc9c107c3368fc603dcf860') in 0.006291 seconds
  Import took 0.012752 seconds .

========================================================================
Received Import Request.
  Time since last request: 0.000634 seconds.
  path: Assets/Resources/Questions/MoonRadius.asset
  artifactKey: Guid(cd4c2c86c2999204487a79eba5c72c46) Importer(815301076,1909f56bfc062723c751e8b465ee728b)
Start importing Assets/Resources/Questions/MoonRadius.asset using Guid(cd4c2c86c2999204487a79eba5c72c46) Importer(815301076,1909f56bfc062723c751e8b465ee728b)  -> (artifact id: 'effe29093bcb0b9223c51efcabac370e') in 0.005672 seconds
  Import took 0.017689 seconds .

========================================================================
Received Import Request.
  Time since last request: 0.000207 seconds.
  path: Assets/Resources/Questions/TallestMountain.asset
  artifactKey: Guid(9a717589a0b975548a229c6470397197) Importer(815301076,1909f56bfc062723c751e8b465ee728b)
Start importing Assets/Resources/Questions/TallestMountain.asset using Guid(9a717589a0b975548a229c6470397197) Importer(815301076,1909f56bfc062723c751e8b465ee728b)  -> (artifact id: '9632a71a711be80761f9f3a4c25a8516') in 0.004741 seconds
  Import took 0.013773 seconds .

========================================================================
Received Import Request.
  Time since last request: 0.000190 seconds.
  path: Assets/Resources/Questions/ImportantQuestion.asset
  artifactKey: Guid(708d8999464d3664abc3c427fd339a08) Importer(815301076,1909f56bfc062723c751e8b465ee728b)
Start importing Assets/Resources/Questions/ImportantQuestion.asset using Guid(708d8999464d3664abc3c427fd339a08) Importer(815301076,1909f56bfc062723c751e8b465ee728b)  -> (artifact id: '0d5b76438161cf7653038d00a0b16599') in 0.005285 seconds
  Import took 0.011711 seconds .

========================================================================
Received Import Request.
  Time since last request: 0.001338 seconds.
  path: Assets/Resources/Questions/ChooseFood.asset
  artifactKey: Guid(b78627ae775ba01488c3fae589afcda4) Importer(815301076,1909f56bfc062723c751e8b465ee728b)
Start importing Assets/Resources/Questions/ChooseFood.asset using Guid(b78627ae775ba01488c3fae589afcda4) Importer(815301076,1909f56bfc062723c751e8b465ee728b)  -> (artifact id: '25c67bd4e8baa433fe6475a6ebe8fc12') in 0.004632 seconds
  Import took 0.011842 seconds .

========================================================================
Received Prepare
Refreshing native plugins compatible for Editor in 17.69 ms, found 0 plugins.
Preloading 0 native plugins for Editor in 0.00 ms.
Unloading 22 Unused Serialized files (Serialized files now loaded: 0)
System memory in use before: 38.0 MB.
System memory in use after: 38.1 MB.

Unloading 22 unused Assets to reduce memory usage. Loaded Objects now: 1863.
Total: 3.181300 ms (FindLiveObjects: 0.215000 ms CreateObjectMapping: 0.084200 ms MarkObjects: 2.849400 ms  DeleteObjects: 0.030200 ms)

========================================================================
Received Import Request.
  Time since last request: 97.953741 seconds.
  path: Assets/Resources/Questions/P1.asset
  artifactKey: Guid(98fce3bd479904c4497a1e985b4877fc) Importer(815301076,1909f56bfc062723c751e8b465ee728b)
Start importing Assets/Resources/Questions/P1.asset using Guid(98fce3bd479904c4497a1e985b4877fc) Importer(815301076,1909f56bfc062723c751e8b465ee728b)  -> (artifact id: 'a59ac9b1908249435e3a941631ceb329') in 0.004049 seconds
  Import took 0.008828 seconds .

========================================================================
Received Import Request.
  Time since last request: 10.401687 seconds.
  path: Assets/Resources/Questions/P2.asset
  artifactKey: Guid(b78627ae775ba01488c3fae589afcda4) Importer(815301076,1909f56bfc062723c751e8b465ee728b)
Start importing Assets/Resources/Questions/P2.asset using Guid(b78627ae775ba01488c3fae589afcda4) Importer(815301076,1909f56bfc062723c751e8b465ee728b)  -> (artifact id: 'fe23d99b6e52f4b40d0f8b439e145066') in 0.010906 seconds
  Import took 0.024246 seconds .

========================================================================
Received Import Request.
  Time since last request: 6.461268 seconds.
  path: Assets/Resources/Questions/P3.asset
  artifactKey: Guid(708d8999464d3664abc3c427fd339a08) Importer(815301076,1909f56bfc062723c751e8b465ee728b)
Start importing Assets/Resources/Questions/P3.asset using Guid(708d8999464d3664abc3c427fd339a08) Importer(815301076,1909f56bfc062723c751e8b465ee728b)  -> (artifact id: 'a73aaf6d4fe021d468c05783a4cff43e') in 0.006223 seconds
  Import took 0.015847 seconds .

========================================================================
Received Import Request.
  Time since last request: 6.549188 seconds.
  path: Assets/Resources/Questions/P4.asset
  artifactKey: Guid(03c239e31a1717845bcda00c39238a56) Importer(815301076,1909f56bfc062723c751e8b465ee728b)
Start importing Assets/Resources/Questions/P4.asset using Guid(03c239e31a1717845bcda00c39238a56) Importer(815301076,1909f56bfc062723c751e8b465ee728b)  -> (artifact id: '89aca3a988c3ff1b5d87e086181591b9') in 0.005951 seconds
  Import took 0.011980 seconds .

========================================================================
Received Import Request.
  Time since last request: 6.435516 seconds.
  path: Assets/Resources/Questions/P5.asset
  artifactKey: Guid(000f95d6a0964154b903d87d3683dc4a) Importer(815301076,1909f56bfc062723c751e8b465ee728b)
Start importing Assets/Resources/Questions/P5.asset using Guid(000f95d6a0964154b903d87d3683dc4a) Importer(815301076,1909f56bfc062723c751e8b465ee728b)  -> (artifact id: '7fbe29b46b2dc0333d587fcd3706f983') in 0.005843 seconds
  Import took 0.012410 seconds .

========================================================================
Received Import Request.
  Time since last request: 5.724865 seconds.
  path: Assets/Resources/Questions/P6.asset
  artifactKey: Guid(cd4c2c86c2999204487a79eba5c72c46) Importer(815301076,1909f56bfc062723c751e8b465ee728b)
Start importing Assets/Resources/Questions/P6.asset using Guid(cd4c2c86c2999204487a79eba5c72c46) Importer(815301076,1909f56bfc062723c751e8b465ee728b)  -> (artifact id: '9af000844e9b655d32fa06f4898ac1e5') in 0.011227 seconds
  Import took 0.034062 seconds .

========================================================================
Received Import Request.
  Time since last request: 4.916453 seconds.
  path: Assets/Resources/Questions/P7.asset
  artifactKey: Guid(d0ff7eb693974174d8f8725b08eef08f) Importer(815301076,1909f56bfc062723c751e8b465ee728b)
Start importing Assets/Resources/Questions/P7.asset using Guid(d0ff7eb693974174d8f8725b08eef08f) Importer(815301076,1909f56bfc062723c751e8b465ee728b)  -> (artifact id: '6147e0235d857d70bb128dd1e75482a2') in 0.005030 seconds
  Import took 0.010844 seconds .

========================================================================
Received Import Request.
  Time since last request: 6.564328 seconds.
  path: Assets/Resources/Questions/P8.asset
  artifactKey: Guid(9e6c7b99e047b4f47a2adf115628837e) Importer(815301076,1909f56bfc062723c751e8b465ee728b)
Start importing Assets/Resources/Questions/P8.asset using Guid(9e6c7b99e047b4f47a2adf115628837e) Importer(815301076,1909f56bfc062723c751e8b465ee728b)  -> (artifact id: '8cd94b4d459cd9624e8b601f192eef52') in 0.007088 seconds
  Import took 0.014760 seconds .

========================================================================
Received Import Request.
  Time since last request: 4.649122 seconds.
  path: Assets/Resources/Questions/P9.asset
  artifactKey: Guid(9a717589a0b975548a229c6470397197) Importer(815301076,1909f56bfc062723c751e8b465ee728b)
Start importing Assets/Resources/Questions/P9.asset using Guid(9a717589a0b975548a229c6470397197) Importer(815301076,1909f56bfc062723c751e8b465ee728b)  -> (artifact id: 'db31d54cf41403f936370e1496a60e47') in 0.006197 seconds
  Import took 0.014657 seconds .

========================================================================
Received Prepare
Registering precompiled user dll's ...
Registered in 0.009576 seconds.
Begin MonoManager ReloadAssembly
Native extension for WindowsStandalone target not found
Native extension for OSXStandalone target not found
Native extension for WebGL target not found
Refreshing native plugins compatible for Editor in 1.32 ms, found 0 plugins.
Preloading 0 native plugins for Editor in 0.00 ms.
Invoked RoslynAnalysisRunner static constructor.
RoslynAnalysisRunner will not be running.
RoslynAnalysisRunner has terminated.
Mono: successfully reloaded assembly
- Completed reload, in  1.771 seconds
Platform modules already initialized, skipping
Refreshing native plugins compatible for Editor in 1.31 ms, found 0 plugins.
Preloading 0 native plugins for Editor in 0.00 ms.
Unloading 1415 Unused Serialized files (Serialized files now loaded: 0)
System memory in use before: 65.7 MB.
System memory in use after: 65.8 MB.

Unloading 24 unused Assets to reduce memory usage. Loaded Objects now: 1866.
Total: 4.396900 ms (FindLiveObjects: 0.432600 ms CreateObjectMapping: 0.176100 ms MarkObjects: 3.725300 ms  DeleteObjects: 0.059300 ms)

========================================================================
Received Prepare
Refreshing native plugins compatible for Editor in 66.07 ms, found 0 plugins.
Preloading 0 native plugins for Editor in 0.00 ms.
Unloading 22 Unused Serialized files (Serialized files now loaded: 0)
System memory in use before: 38.2 MB.
System memory in use after: 38.3 MB.

Unloading 22 unused Assets to reduce memory usage. Loaded Objects now: 1866.
Total: 7.529500 ms (FindLiveObjects: 2.268800 ms CreateObjectMapping: 0.222500 ms MarkObjects: 4.915600 ms  DeleteObjects: 0.118500 ms)

========================================================================
Received Import Request.
  Time since last request: 1800.657775 seconds.
  path: Assets/Resources/Questions/P1.asset
  artifactKey: Guid(98fce3bd479904c4497a1e985b4877fc) Importer(815301076,1909f56bfc062723c751e8b465ee728b)
Start importing Assets/Resources/Questions/P1.asset using Guid(98fce3bd479904c4497a1e985b4877fc) Importer(815301076,1909f56bfc062723c751e8b465ee728b)  -> (artifact id: '038795c148d564802f4bc2264157b67c') in 0.044900 seconds
  Import took 0.054176 seconds .

========================================================================
Received Import Request.
  Time since last request: 0.000545 seconds.
  path: Assets/Resources/Questions/P4.asset
  artifactKey: Guid(03c239e31a1717845bcda00c39238a56) Importer(815301076,1909f56bfc062723c751e8b465ee728b)
Start importing Assets/Resources/Questions/P4.asset using Guid(03c239e31a1717845bcda00c39238a56) Importer(815301076,1909f56bfc062723c751e8b465ee728b)  -> (artifact id: 'a9c8f58e9384e2cf89e0f4eedc9e6446') in 0.004881 seconds
  Import took 0.010660 seconds .

========================================================================
Received Import Request.
  Time since last request: 0.000461 seconds.
  path: Assets/Resources/Questions/P5.asset
  artifactKey: Guid(000f95d6a0964154b903d87d3683dc4a) Importer(815301076,1909f56bfc062723c751e8b465ee728b)
Start importing Assets/Resources/Questions/P5.asset using Guid(000f95d6a0964154b903d87d3683dc4a) Importer(815301076,1909f56bfc062723c751e8b465ee728b)  -> (artifact id: '0fd600d04fb260831273b85564884cdb') in 0.006537 seconds
  Import took 0.011817 seconds .

========================================================================
Received Import Request.
  Time since last request: 0.000491 seconds.
  path: Assets/Resources/Questions/P7.asset
  artifactKey: Guid(d0ff7eb693974174d8f8725b08eef08f) Importer(815301076,1909f56bfc062723c751e8b465ee728b)
Start importing Assets/Resources/Questions/P7.asset using Guid(d0ff7eb693974174d8f8725b08eef08f) Importer(815301076,1909f56bfc062723c751e8b465ee728b)  -> (artifact id: '660d418791776d41f7fc4ac01f533b13') in 0.004862 seconds
  Import took 0.010502 seconds .

========================================================================
Received Import Request.
  Time since last request: 0.000545 seconds.
  path: Assets/Resources/Questions/P8.asset
  artifactKey: Guid(9e6c7b99e047b4f47a2adf115628837e) Importer(815301076,1909f56bfc062723c751e8b465ee728b)
Start importing Assets/Resources/Questions/P8.asset using Guid(9e6c7b99e047b4f47a2adf115628837e) Importer(815301076,1909f56bfc062723c751e8b465ee728b)  -> (artifact id: 'eb69ceea11e5c1295e811250309ea55d') in 0.004926 seconds
  Import took 0.011150 seconds .

========================================================================
Received Import Request.
  Time since last request: 0.000513 seconds.
  path: Assets/Resources/Questions/P6.asset
  artifactKey: Guid(cd4c2c86c2999204487a79eba5c72c46) Importer(815301076,1909f56bfc062723c751e8b465ee728b)
Start importing Assets/Resources/Questions/P6.asset using Guid(cd4c2c86c2999204487a79eba5c72c46) Importer(815301076,1909f56bfc062723c751e8b465ee728b)  -> (artifact id: 'e9e6ac8573f5ebcfe2255cc03bee2932') in 0.004515 seconds
  Import took 0.009111 seconds .

========================================================================
Received Import Request.
  Time since last request: 0.000437 seconds.
  path: Assets/Resources/Questions/P9.asset
  artifactKey: Guid(9a717589a0b975548a229c6470397197) Importer(815301076,1909f56bfc062723c751e8b465ee728b)
Start importing Assets/Resources/Questions/P9.asset using Guid(9a717589a0b975548a229c6470397197) Importer(815301076,1909f56bfc062723c751e8b465ee728b)  -> (artifact id: 'a2a9147ebe1066284f51faa2b7bd4b8b') in 0.004217 seconds
  Import took 0.008649 seconds .

========================================================================
Received Import Request.
  Time since last request: 0.000488 seconds.
  path: Assets/Resources/Questions/P3.asset
  artifactKey: Guid(708d8999464d3664abc3c427fd339a08) Importer(815301076,1909f56bfc062723c751e8b465ee728b)
Start importing Assets/Resources/Questions/P3.asset using Guid(708d8999464d3664abc3c427fd339a08) Importer(815301076,1909f56bfc062723c751e8b465ee728b)  -> (artifact id: '5f7be8313d6a4ea9cca4f2f8ed3e798c') in 0.004543 seconds
  Import took 0.011127 seconds .

========================================================================
Received Import Request.
  Time since last request: 0.000500 seconds.
  path: Assets/Resources/Questions/P2.asset
  artifactKey: Guid(b78627ae775ba01488c3fae589afcda4) Importer(815301076,1909f56bfc062723c751e8b465ee728b)
Start importing Assets/Resources/Questions/P2.asset using Guid(b78627ae775ba01488c3fae589afcda4) Importer(815301076,1909f56bfc062723c751e8b465ee728b)  -> (artifact id: 'd79870dc5dda2066fbef9739365da80c') in 0.004989 seconds
  Import took 0.010319 seconds .

========================================================================
Received Import Request.
  Time since last request: 1.039862 seconds.
  path: Assets/Resources/Questions/P1.asset
  artifactKey: Guid(98fce3bd479904c4497a1e985b4877fc) Importer(815301076,1909f56bfc062723c751e8b465ee728b)
Start importing Assets/Resources/Questions/P1.asset using Guid(98fce3bd479904c4497a1e985b4877fc) Importer(815301076,1909f56bfc062723c751e8b465ee728b)  -> (artifact id: '038795c148d564802f4bc2264157b67c') in 0.006433 seconds
  Import took 0.017068 seconds .

========================================================================
Received Prepare
Registering precompiled user dll's ...
Registered in 0.004316 seconds.
Begin MonoManager ReloadAssembly
Native extension for WindowsStandalone target not found
Native extension for OSXStandalone target not found
Native extension for WebGL target not found
Refreshing native plugins compatible for Editor in 0.65 ms, found 0 plugins.
Preloading 0 native plugins for Editor in 0.00 ms.
Invoked RoslynAnalysisRunner static constructor.
RoslynAnalysisRunner will not be running.
RoslynAnalysisRunner has terminated.
Mono: successfully reloaded assembly
- Completed reload, in  1.697 seconds
Platform modules already initialized, skipping
Refreshing native plugins compatible for Editor in 1.12 ms, found 0 plugins.
Preloading 0 native plugins for Editor in 0.00 ms.
Unloading 1415 Unused Serialized files (Serialized files now loaded: 0)
System memory in use before: 65.8 MB.
System memory in use after: 65.9 MB.

Unloading 24 unused Assets to reduce memory usage. Loaded Objects now: 1869.
Total: 3.107200 ms (FindLiveObjects: 0.309800 ms CreateObjectMapping: 0.177000 ms MarkObjects: 2.578500 ms  DeleteObjects: 0.038800 ms)

AssetImportWorkerClient::OnTransportError - code=2 error=End of file
